********************************************************************************
product = Open Liberty 21.0.0.2 (wlp-1.0.49.cl210220210209-1100)
wlp.install.dir = /home/baris/sources/github/guide-rest-intro/start/target/liberty/wlp/
java.home = /opt/java/OpenJDK/Amazon/Corretto/amazon-corretto-11.0.10.9.1-linux-x64
java.version = 11.0.10
java.runtime = OpenJDK Runtime Environment (11.0.10+9-LTS)
os = Linux (5.8.0-43-generic; amd64) (en_US)
process = 127318@jedi
********************************************************************************
[2/28/21, 22:44:48:576 TRT] 00000001 com.ibm.ws.kernel.launch.internal.FrameworkManager           A CWWKE0001I: The server defaultServer has been launched.
[2/28/21, 22:44:49:083 TRT] 0000001b com.ibm.ws.config.xml.internal.ServerXMLConfiguration        A CWWKG0093A: Processing configuration drop-ins resource: /home/baris/sources/github/guide-rest-intro/start/target/liberty/wlp/usr/servers/defaultServer/configDropins/overrides/liberty-plugin-variable-config.xml
[2/28/21, 22:44:49:294 TRT] 00000001 com.ibm.ws.kernel.launch.internal.FrameworkManager           I CWWKE0002I: The kernel started after 0.934 seconds
[2/28/21, 22:44:49:303 TRT] 00000023 com.ibm.ws.kernel.feature.internal.FeatureManager            I CWWKF0007I: Feature update started.
[2/28/21, 22:44:49:506 TRT] 00000018 com.ibm.ws.app.manager.internal.monitor.DropinMonitor        A CWWKZ0058I: Monitoring dropins for applications.
[2/28/21, 22:44:49:771 TRT] 0000002b com.ibm.ws.app.manager.AppMessageHelper                      I CWWKZ0018I: Starting application guide-rest-intro.
[2/28/21, 22:44:49:772 TRT] 0000002b bm.ws.app.manager.war.internal.WARDeployedAppInfoFactoryImpl I CWWKZ0134I: The guide-rest-intro application is using the loose application definition at the /home/baris/sources/github/guide-rest-intro/start/target/liberty/wlp/usr/servers/defaultServer/apps/guide-rest-intro.war.xml location.
[2/28/21, 22:44:50:052 TRT] 0000002b com.ibm.ws.session.WASSessionCore                            I SESN8501I: The session manager did not find a persistent storage location; HttpSession objects will be stored in the local application server's memory.
[2/28/21, 22:44:50:064 TRT] 0000002b com.ibm.ws.webcontainer.osgi.webapp.WebGroup                 I SRVE0169I: Loading Web Module: Liberty Project.
[2/28/21, 22:44:50:066 TRT] 0000002b com.ibm.ws.webcontainer                                      I SRVE0250I: Web Module Liberty Project has been bound to default_host.
[2/28/21, 22:44:50:067 TRT] 0000002b com.ibm.ws.http.internal.VirtualHostImpl                     A CWWKT0016I: Web application available (default_host): http://localhost:9080/guide-rest-intro/
[2/28/21, 22:44:50:093 TRT] 0000002e com.ibm.ws.session.WASSessionCore                            I SESN0176I: A new session context will be created for application key default_host/guide-rest-intro
[2/28/21, 22:44:50:104 TRT] 0000002e com.ibm.ws.util                                              I SESN0172I: The session manager is using the Java default SecureRandom implementation for session ID generation.
[2/28/21, 22:44:50:106 TRT] 0000002f com.ibm.ws.webcontainer.osgi.mbeans.PluginGenerator          I SRVE9103I: A configuration file for a web server plugin was automatically generated for this server at /home/baris/sources/github/guide-rest-intro/start/target/liberty/wlp/usr/servers/defaultServer/logs/state/plugin-cfg.xml.
[2/28/21, 22:44:50:121 TRT] 0000002e com.ibm.ws.app.manager.AppMessageHelper                      A CWWKZ0001I: Application guide-rest-intro started in 0.350 seconds.
[2/28/21, 22:44:50:136 TRT] 00000023 com.ibm.ws.tcpchannel.internal.TCPPort                       I CWWKO0219I: TCP Channel defaultHttpEndpoint has been started and is now listening for requests on host localhost  (IPv4: 127.0.0.1) port 9080.
[2/28/21, 22:44:50:141 TRT] 00000023 com.ibm.ws.kernel.feature.internal.FeatureManager            A CWWKF0012I: The server installed the following features: [servlet-4.0].
[2/28/21, 22:44:50:142 TRT] 00000023 com.ibm.ws.kernel.feature.internal.FeatureManager            I CWWKF0008I: Feature update completed in 0.849 seconds.
[2/28/21, 22:44:50:142 TRT] 00000023 com.ibm.ws.kernel.feature.internal.FeatureManager            A CWWKF0011I: The defaultServer server is ready to run a smarter planet. The defaultServer server started in 1.785 seconds.
[2/28/21, 22:44:52:794 TRT] 00000032 com.ibm.ws.http.internal.VirtualHostImpl                     A CWWKT0017I: Web application removed (default_host): http://localhost:9080/guide-rest-intro/
[2/28/21, 22:44:52:815 TRT] 00000032 com.ibm.ws.app.manager.AppMessageHelper                      A CWWKZ0009I: The application guide-rest-intro has stopped successfully.
[2/28/21, 22:44:52:825 TRT] 00000032 com.ibm.ws.app.manager.AppMessageHelper                      I CWWKZ0018I: Starting application guide-rest-intro.
[2/28/21, 22:44:52:825 TRT] 00000032 bm.ws.app.manager.war.internal.WARDeployedAppInfoFactoryImpl I CWWKZ0134I: The guide-rest-intro application is using the loose application definition at the /home/baris/sources/github/guide-rest-intro/start/target/liberty/wlp/usr/servers/defaultServer/apps/guide-rest-intro.war.xml location.
[2/28/21, 22:44:52:856 TRT] 00000032 com.ibm.ws.webcontainer.osgi.webapp.WebGroup                 I SRVE0169I: Loading Web Module: Liberty Project.
[2/28/21, 22:44:52:856 TRT] 00000032 com.ibm.ws.webcontainer                                      I SRVE0250I: Web Module Liberty Project has been bound to default_host.
[2/28/21, 22:44:52:857 TRT] 00000032 com.ibm.ws.http.internal.VirtualHostImpl                     A CWWKT0016I: Web application available (default_host): http://localhost:9080/guide-rest-intro/
[2/28/21, 22:44:52:858 TRT] 00000029 com.ibm.ws.session.WASSessionCore                            I SESN0176I: A new session context will be created for application key default_host/guide-rest-intro
[2/28/21, 22:44:52:859 TRT] 00000029 com.ibm.ws.util                                              I SESN0172I: The session manager is using the Java default SecureRandom implementation for session ID generation.
[2/28/21, 22:44:52:861 TRT] 00000029 com.ibm.ws.app.manager.AppMessageHelper                      A CWWKZ0003I: The application guide-rest-intro updated in 0.036 seconds.
[2/28/21, 22:44:53:038 TRT] 00000025 com.ibm.ws.webcontainer.osgi.mbeans.PluginGenerator          I SRVE9103I: A configuration file for a web server plugin was automatically generated for this server at /home/baris/sources/github/guide-rest-intro/start/target/liberty/wlp/usr/servers/defaultServer/logs/state/plugin-cfg.xml.
[2/28/21, 22:44:53:060 TRT] 0000002d com.ibm.ws.webcontainer.osgi.mbeans.PluginGenerator          I SRVE9103I: A configuration file for a web server plugin was automatically generated for this server at /home/baris/sources/github/guide-rest-intro/start/target/liberty/wlp/usr/servers/defaultServer/logs/state/plugin-cfg.xml.
[2/28/21, 22:47:56:137 TRT] 0000002d com.ibm.ws.http.internal.VirtualHostImpl                     A CWWKT0017I: Web application removed (default_host): http://localhost:9080/guide-rest-intro/
[2/28/21, 22:47:56:146 TRT] 0000002d com.ibm.ws.app.manager.AppMessageHelper                      A CWWKZ0009I: The application guide-rest-intro has stopped successfully.
[2/28/21, 22:47:56:153 TRT] 0000002d com.ibm.ws.app.manager.AppMessageHelper                      I CWWKZ0018I: Starting application guide-rest-intro.
[2/28/21, 22:47:56:153 TRT] 0000002d bm.ws.app.manager.war.internal.WARDeployedAppInfoFactoryImpl I CWWKZ0134I: The guide-rest-intro application is using the loose application definition at the /home/baris/sources/github/guide-rest-intro/start/target/liberty/wlp/usr/servers/defaultServer/apps/guide-rest-intro.war.xml location.
[2/28/21, 22:47:56:178 TRT] 00000031 com.ibm.ws.webcontainer.osgi.mbeans.PluginGenerator          I SRVE9103I: A configuration file for a web server plugin was automatically generated for this server at /home/baris/sources/github/guide-rest-intro/start/target/liberty/wlp/usr/servers/defaultServer/logs/state/plugin-cfg.xml.
[2/28/21, 22:47:56:182 TRT] 0000002d com.ibm.ws.webcontainer.osgi.webapp.WebGroup                 I SRVE0169I: Loading Web Module: Liberty Project.
[2/28/21, 22:47:56:182 TRT] 0000002d com.ibm.ws.webcontainer                                      I SRVE0250I: Web Module Liberty Project has been bound to default_host.
[2/28/21, 22:47:56:182 TRT] 0000002d com.ibm.ws.http.internal.VirtualHostImpl                     A CWWKT0016I: Web application available (default_host): http://localhost:9080/guide-rest-intro/
[2/28/21, 22:47:56:184 TRT] 00000036 com.ibm.ws.session.WASSessionCore                            I SESN0176I: A new session context will be created for application key default_host/guide-rest-intro
[2/28/21, 22:47:56:184 TRT] 00000036 com.ibm.ws.util                                              I SESN0172I: The session manager is using the Java default SecureRandom implementation for session ID generation.
[2/28/21, 22:47:56:187 TRT] 00000036 com.ibm.ws.app.manager.AppMessageHelper                      A CWWKZ0003I: The application guide-rest-intro updated in 0.034 seconds.
[2/28/21, 22:47:56:219 TRT] 00000035 com.ibm.ws.webcontainer.osgi.mbeans.PluginGenerator          I SRVE9103I: A configuration file for a web server plugin was automatically generated for this server at /home/baris/sources/github/guide-rest-intro/start/target/liberty/wlp/usr/servers/defaultServer/logs/state/plugin-cfg.xml.
[2/28/21, 22:50:22:869 TRT] 00000035 com.ibm.ws.http.internal.VirtualHostImpl                     A CWWKT0017I: Web application removed (default_host): http://localhost:9080/guide-rest-intro/
[2/28/21, 22:50:22:875 TRT] 00000035 com.ibm.ws.app.manager.AppMessageHelper                      A CWWKZ0009I: The application guide-rest-intro has stopped successfully.
[2/28/21, 22:50:22:880 TRT] 00000035 com.ibm.ws.app.manager.AppMessageHelper                      I CWWKZ0018I: Starting application guide-rest-intro.
[2/28/21, 22:50:22:880 TRT] 00000035 bm.ws.app.manager.war.internal.WARDeployedAppInfoFactoryImpl I CWWKZ0134I: The guide-rest-intro application is using the loose application definition at the /home/baris/sources/github/guide-rest-intro/start/target/liberty/wlp/usr/servers/defaultServer/apps/guide-rest-intro.war.xml location.
[2/28/21, 22:50:22:895 TRT] 0000002e com.ibm.ws.webcontainer.osgi.mbeans.PluginGenerator          I SRVE9103I: A configuration file for a web server plugin was automatically generated for this server at /home/baris/sources/github/guide-rest-intro/start/target/liberty/wlp/usr/servers/defaultServer/logs/state/plugin-cfg.xml.
[2/28/21, 22:50:22:897 TRT] 00000035 com.ibm.ws.webcontainer.osgi.webapp.WebGroup                 I SRVE0169I: Loading Web Module: Liberty Project.
[2/28/21, 22:50:22:898 TRT] 00000035 com.ibm.ws.webcontainer                                      I SRVE0250I: Web Module Liberty Project has been bound to default_host.
[2/28/21, 22:50:22:898 TRT] 00000035 com.ibm.ws.http.internal.VirtualHostImpl                     A CWWKT0016I: Web application available (default_host): http://localhost:9080/guide-rest-intro/
[2/28/21, 22:50:22:899 TRT] 00000030 com.ibm.ws.session.WASSessionCore                            I SESN0176I: A new session context will be created for application key default_host/guide-rest-intro
[2/28/21, 22:50:22:899 TRT] 00000030 com.ibm.ws.util                                              I SESN0172I: The session manager is using the Java default SecureRandom implementation for session ID generation.
[2/28/21, 22:50:22:901 TRT] 00000030 com.ibm.ws.app.manager.AppMessageHelper                      A CWWKZ0003I: The application guide-rest-intro updated in 0.021 seconds.
[2/28/21, 22:50:22:917 TRT] 00000025 com.ibm.ws.webcontainer.osgi.mbeans.PluginGenerator          I SRVE9103I: A configuration file for a web server plugin was automatically generated for this server at /home/baris/sources/github/guide-rest-intro/start/target/liberty/wlp/usr/servers/defaultServer/logs/state/plugin-cfg.xml.
[2/28/21, 22:50:25:306 TRT] 00000035 com.ibm.ws.http.internal.VirtualHostImpl                     A CWWKT0017I: Web application removed (default_host): http://localhost:9080/guide-rest-intro/
[2/28/21, 22:50:25:311 TRT] 00000035 com.ibm.ws.app.manager.AppMessageHelper                      A CWWKZ0009I: The application guide-rest-intro has stopped successfully.
[2/28/21, 22:50:25:317 TRT] 00000035 com.ibm.ws.app.manager.AppMessageHelper                      I CWWKZ0018I: Starting application guide-rest-intro.
[2/28/21, 22:50:25:318 TRT] 00000035 bm.ws.app.manager.war.internal.WARDeployedAppInfoFactoryImpl I CWWKZ0134I: The guide-rest-intro application is using the loose application definition at the /home/baris/sources/github/guide-rest-intro/start/target/liberty/wlp/usr/servers/defaultServer/apps/guide-rest-intro.war.xml location.
[2/28/21, 22:50:25:344 TRT] 00000035 com.ibm.ws.webcontainer.osgi.webapp.WebGroup                 I SRVE0169I: Loading Web Module: Liberty Project.
[2/28/21, 22:50:25:344 TRT] 00000035 com.ibm.ws.webcontainer                                      I SRVE0250I: Web Module Liberty Project has been bound to default_host.
[2/28/21, 22:50:25:344 TRT] 00000035 com.ibm.ws.http.internal.VirtualHostImpl                     A CWWKT0016I: Web application available (default_host): http://localhost:9080/guide-rest-intro/
[2/28/21, 22:50:25:346 TRT] 00000032 com.ibm.ws.session.WASSessionCore                            I SESN0176I: A new session context will be created for application key default_host/guide-rest-intro
[2/28/21, 22:50:25:346 TRT] 00000032 com.ibm.ws.util                                              I SESN0172I: The session manager is using the Java default SecureRandom implementation for session ID generation.
[2/28/21, 22:50:25:347 TRT] 00000033 com.ibm.ws.webcontainer.osgi.mbeans.PluginGenerator          I SRVE9103I: A configuration file for a web server plugin was automatically generated for this server at /home/baris/sources/github/guide-rest-intro/start/target/liberty/wlp/usr/servers/defaultServer/logs/state/plugin-cfg.xml.
[2/28/21, 22:50:25:348 TRT] 00000032 com.ibm.ws.app.manager.AppMessageHelper                      A CWWKZ0003I: The application guide-rest-intro updated in 0.031 seconds.
[2/28/21, 22:50:25:365 TRT] 00000034 com.ibm.ws.webcontainer.osgi.mbeans.PluginGenerator          I SRVE9103I: A configuration file for a web server plugin was automatically generated for this server at /home/baris/sources/github/guide-rest-intro/start/target/liberty/wlp/usr/servers/defaultServer/logs/state/plugin-cfg.xml.
[2/28/21, 22:51:13:847 TRT] 0000002d com.ibm.ws.http.internal.VirtualHostImpl                     A CWWKT0017I: Web application removed (default_host): http://localhost:9080/guide-rest-intro/
[2/28/21, 22:51:13:855 TRT] 0000002d com.ibm.ws.app.manager.AppMessageHelper                      A CWWKZ0009I: The application guide-rest-intro has stopped successfully.
[2/28/21, 22:51:13:862 TRT] 0000002d com.ibm.ws.app.manager.AppMessageHelper                      I CWWKZ0018I: Starting application guide-rest-intro.
[2/28/21, 22:51:13:862 TRT] 0000002d bm.ws.app.manager.war.internal.WARDeployedAppInfoFactoryImpl I CWWKZ0134I: The guide-rest-intro application is using the loose application definition at the /home/baris/sources/github/guide-rest-intro/start/target/liberty/wlp/usr/servers/defaultServer/apps/guide-rest-intro.war.xml location.
[2/28/21, 22:51:13:880 TRT] 00000030 com.ibm.ws.webcontainer.osgi.mbeans.PluginGenerator          I SRVE9103I: A configuration file for a web server plugin was automatically generated for this server at /home/baris/sources/github/guide-rest-intro/start/target/liberty/wlp/usr/servers/defaultServer/logs/state/plugin-cfg.xml.
[2/28/21, 22:51:13:888 TRT] 0000002d com.ibm.ws.webcontainer.osgi.webapp.WebGroup                 I SRVE0169I: Loading Web Module: Liberty Project.
[2/28/21, 22:51:13:888 TRT] 0000002d com.ibm.ws.webcontainer                                      I SRVE0250I: Web Module Liberty Project has been bound to default_host.
[2/28/21, 22:51:13:888 TRT] 0000002d com.ibm.ws.http.internal.VirtualHostImpl                     A CWWKT0016I: Web application available (default_host): http://localhost:9080/guide-rest-intro/
[2/28/21, 22:51:13:890 TRT] 00000025 com.ibm.ws.session.WASSessionCore                            I SESN0176I: A new session context will be created for application key default_host/guide-rest-intro
[2/28/21, 22:51:13:891 TRT] 00000025 com.ibm.ws.util                                              I SESN0172I: The session manager is using the Java default SecureRandom implementation for session ID generation.
[2/28/21, 22:51:13:893 TRT] 00000025 com.ibm.ws.app.manager.AppMessageHelper                      A CWWKZ0003I: The application guide-rest-intro updated in 0.031 seconds.
[2/28/21, 22:51:13:910 TRT] 0000002e com.ibm.ws.webcontainer.osgi.mbeans.PluginGenerator          I SRVE9103I: A configuration file for a web server plugin was automatically generated for this server at /home/baris/sources/github/guide-rest-intro/start/target/liberty/wlp/usr/servers/defaultServer/logs/state/plugin-cfg.xml.
[3/1/21, 14:55:50:544 TRT] 00000013 com.ibm.ws.kernel.launch.internal.FrameworkManager           A CWWKE0085I: The server defaultServer is stopping because the JVM is exiting.
[3/1/21, 14:55:50:549 TRT] 00000081 com.ibm.ws.runtime.update.internal.RuntimeUpdateManagerImpl  A CWWKE1100I: Waiting for up to 30 seconds for the server to quiesce.
[3/1/21, 14:55:50:562 TRT] 00000074 com.ibm.ws.tcpchannel.internal.TCPChannel                    I CWWKO0220I: TCP Channel defaultHttpEndpoint has stopped listening for requests on host localhost  (IPv4: 127.0.0.1) port 9080.
[3/1/21, 14:55:50:564 TRT] 00000074 com.ibm.ws.http.internal.VirtualHostImpl                     A CWWKT0017I: Web application removed (default_host): http://localhost:9080/guide-rest-intro/
[3/1/21, 14:55:50:766 TRT] 00000014 com.ibm.ws.kernel.launch.internal.ServerCommandListener      A CWWKE0055I: Server shutdown requested on Monday, March 1, 2021 at 2:55 PM. The server defaultServer is shutting down.
[3/1/21, 14:55:51:567 TRT] 00000081 com.ibm.ws.runtime.update.internal.RuntimeUpdateManagerImpl  I CWWKE1101I: Server quiesce complete.
[3/1/21, 14:55:51:609 TRT] 0000005c com.ibm.ws.app.manager.AppMessageHelper                      A CWWKZ0009I: The application guide-rest-intro has stopped successfully.
[3/1/21, 14:55:51:853 TRT] 00000001 com.ibm.ws.kernel.launch.internal.FrameworkManager           A CWWKE0036I: The server defaultServer stopped after 6 hours, 8 minutes, 52.572 seconds.
