********************************************************************************
product = Open Liberty 21.0.0.2 (wlp-1.0.49.cl210220210209-1100)
wlp.install.dir = /home/baris/sources/github/guide-rest-intro/start/target/liberty/wlp/
java.home = /opt/java/OpenJDK/Amazon/Corretto/amazon-corretto-11.0.10.9.1-linux-x64
java.version = 11.0.10
java.runtime = OpenJDK Runtime Environment (11.0.10+9-LTS)
os = Linux (5.8.0-43-generic; amd64) (en_US)
process = 123908@jedi
********************************************************************************
[2/28/21, 22:05:26:862 TRT] 00000001 com.ibm.ws.kernel.launch.internal.FrameworkManager           A CWWKE0001I: The server defaultServer has been launched.
[2/28/21, 22:05:27:503 TRT] 00000018 com.ibm.ws.config.xml.internal.ServerXMLConfiguration        A CWWKG0093A: Processing configuration drop-ins resource: /home/baris/sources/github/guide-rest-intro/start/target/liberty/wlp/usr/servers/defaultServer/configDropins/overrides/liberty-plugin-variable-config.xml
[2/28/21, 22:05:27:764 TRT] 00000001 com.ibm.ws.kernel.launch.internal.FrameworkManager           I CWWKE0002I: The kernel started after 1.12 seconds
[2/28/21, 22:05:27:778 TRT] 00000023 com.ibm.ws.kernel.feature.internal.FeatureManager            I CWWKF0007I: Feature update started.
[2/28/21, 22:05:28:396 TRT] 0000001a com.ibm.ws.app.manager.internal.monitor.DropinMonitor        A CWWKZ0058I: Monitoring dropins for applications.
[2/28/21, 22:05:28:694 TRT] 0000002b com.ibm.ws.app.manager.AppMessageHelper                      I CWWKZ0018I: Starting application guide-rest-intro.
[2/28/21, 22:05:28:695 TRT] 0000002b bm.ws.app.manager.war.internal.WARDeployedAppInfoFactoryImpl I CWWKZ0134I: The guide-rest-intro application is using the loose application definition at the /home/baris/sources/github/guide-rest-intro/start/target/liberty/wlp/usr/servers/defaultServer/apps/guide-rest-intro.war.xml location.
[2/28/21, 22:05:28:937 TRT] 0000002b com.ibm.ws.session.WASSessionCore                            I SESN8501I: The session manager did not find a persistent storage location; HttpSession objects will be stored in the local application server's memory.
[2/28/21, 22:05:28:947 TRT] 0000002b com.ibm.ws.webcontainer.osgi.webapp.WebGroup                 I SRVE0169I: Loading Web Module: Liberty Project.
[2/28/21, 22:05:28:949 TRT] 0000002b com.ibm.ws.webcontainer                                      I SRVE0250I: Web Module Liberty Project has been bound to default_host.
[2/28/21, 22:05:28:950 TRT] 0000002b com.ibm.ws.http.internal.VirtualHostImpl                     A CWWKT0016I: Web application available (default_host): http://localhost:9080/guide-rest-intro/
[2/28/21, 22:05:28:976 TRT] 00000030 com.ibm.ws.session.WASSessionCore                            I SESN0176I: A new session context will be created for application key default_host/guide-rest-intro
[2/28/21, 22:05:28:984 TRT] 00000030 com.ibm.ws.util                                              I SESN0172I: The session manager is using the Java default SecureRandom implementation for session ID generation.
[2/28/21, 22:05:28:999 TRT] 00000030 com.ibm.ws.app.manager.AppMessageHelper                      A CWWKZ0001I: Application guide-rest-intro started in 0.305 seconds.
[2/28/21, 22:05:29:020 TRT] 00000023 com.ibm.ws.tcpchannel.internal.TCPPort                       I CWWKO0219I: TCP Channel defaultHttpEndpoint has been started and is now listening for requests on host localhost  (IPv4: 127.0.0.1) port 9080.
[2/28/21, 22:05:29:034 TRT] 00000023 com.ibm.ws.kernel.feature.internal.FeatureManager            A CWWKF0012I: The server installed the following features: [servlet-4.0].
[2/28/21, 22:05:29:035 TRT] 00000023 com.ibm.ws.kernel.feature.internal.FeatureManager            I CWWKF0008I: Feature update completed in 1.273 seconds.
[2/28/21, 22:05:29:036 TRT] 00000023 com.ibm.ws.kernel.feature.internal.FeatureManager            A CWWKF0011I: The defaultServer server is ready to run a smarter planet. The defaultServer server started in 2.393 seconds.
[2/28/21, 22:05:29:202 TRT] 00000031 com.ibm.ws.webcontainer.osgi.mbeans.PluginGenerator          I SRVE9103I: A configuration file for a web server plugin was automatically generated for this server at /home/baris/sources/github/guide-rest-intro/start/target/liberty/wlp/usr/servers/defaultServer/logs/state/plugin-cfg.xml.
[2/28/21, 22:05:31:676 TRT] 00000036 com.ibm.ws.http.internal.VirtualHostImpl                     A CWWKT0017I: Web application removed (default_host): http://localhost:9080/guide-rest-intro/
[2/28/21, 22:05:31:689 TRT] 00000036 com.ibm.ws.app.manager.AppMessageHelper                      A CWWKZ0009I: The application guide-rest-intro has stopped successfully.
[2/28/21, 22:05:31:694 TRT] 00000036 com.ibm.ws.app.manager.AppMessageHelper                      I CWWKZ0018I: Starting application guide-rest-intro.
[2/28/21, 22:05:31:694 TRT] 00000036 bm.ws.app.manager.war.internal.WARDeployedAppInfoFactoryImpl I CWWKZ0134I: The guide-rest-intro application is using the loose application definition at the /home/baris/sources/github/guide-rest-intro/start/target/liberty/wlp/usr/servers/defaultServer/apps/guide-rest-intro.war.xml location.
[2/28/21, 22:05:31:724 TRT] 00000025 com.ibm.ws.webcontainer.osgi.mbeans.PluginGenerator          I SRVE9103I: A configuration file for a web server plugin was automatically generated for this server at /home/baris/sources/github/guide-rest-intro/start/target/liberty/wlp/usr/servers/defaultServer/logs/state/plugin-cfg.xml.
[2/28/21, 22:05:31:724 TRT] 00000036 com.ibm.ws.webcontainer.osgi.webapp.WebGroup                 I SRVE0169I: Loading Web Module: Liberty Project.
[2/28/21, 22:05:31:725 TRT] 00000036 com.ibm.ws.webcontainer                                      I SRVE0250I: Web Module Liberty Project has been bound to default_host.
[2/28/21, 22:05:31:725 TRT] 00000036 com.ibm.ws.http.internal.VirtualHostImpl                     A CWWKT0016I: Web application available (default_host): http://localhost:9080/guide-rest-intro/
[2/28/21, 22:05:31:728 TRT] 0000002c com.ibm.ws.session.WASSessionCore                            I SESN0176I: A new session context will be created for application key default_host/guide-rest-intro
[2/28/21, 22:05:31:728 TRT] 0000002c com.ibm.ws.util                                              I SESN0172I: The session manager is using the Java default SecureRandom implementation for session ID generation.
[2/28/21, 22:05:31:735 TRT] 0000002c com.ibm.ws.app.manager.AppMessageHelper                      A CWWKZ0003I: The application guide-rest-intro updated in 0.041 seconds.
[2/28/21, 22:05:31:756 TRT] 0000002d com.ibm.ws.webcontainer.osgi.mbeans.PluginGenerator          I SRVE9103I: A configuration file for a web server plugin was automatically generated for this server at /home/baris/sources/github/guide-rest-intro/start/target/liberty/wlp/usr/servers/defaultServer/logs/state/plugin-cfg.xml.
[2/28/21, 22:43:00:300 TRT] 00000013 com.ibm.ws.kernel.launch.internal.FrameworkManager           A CWWKE0085I: The server defaultServer is stopping because the JVM is exiting.
[2/28/21, 22:43:00:304 TRT] 0000003a com.ibm.ws.runtime.update.internal.RuntimeUpdateManagerImpl  A CWWKE1100I: Waiting for up to 30 seconds for the server to quiesce.
[2/28/21, 22:43:00:320 TRT] 0000002d com.ibm.ws.tcpchannel.internal.TCPChannel                    I CWWKO0220I: TCP Channel defaultHttpEndpoint has stopped listening for requests on host localhost  (IPv4: 127.0.0.1) port 9080.
[2/28/21, 22:43:00:325 TRT] 0000002d com.ibm.ws.http.internal.VirtualHostImpl                     A CWWKT0017I: Web application removed (default_host): http://localhost:9080/guide-rest-intro/
[2/28/21, 22:43:01:329 TRT] 0000003a com.ibm.ws.runtime.update.internal.RuntimeUpdateManagerImpl  I CWWKE1101I: Server quiesce complete.
[2/28/21, 22:43:01:347 TRT] 00000037 com.ibm.ws.app.manager.AppMessageHelper                      A CWWKZ0009I: The application guide-rest-intro has stopped successfully.
[2/28/21, 22:43:01:594 TRT] 00000001 com.ibm.ws.kernel.launch.internal.FrameworkManager           A CWWKE0036I: The server defaultServer stopped after 37 minutes, 34.952 seconds.
