********************************************************************************
product = Open Liberty 21.0.0.2 (wlp-1.0.49.cl210220210209-1100)
wlp.install.dir = /home/baris/sources/github/guide-rest-intro/finish/target/liberty/wlp/
java.home = /opt/java/OpenJDK/Amazon/Corretto/amazon-corretto-11.0.10.9.1-linux-x64
java.version = 11.0.10
java.runtime = OpenJDK Runtime Environment (11.0.10+9-LTS)
os = Linux (5.8.0-43-generic; amd64) (en_US)
process = 122704@jedi
********************************************************************************
[2/28/21, 22:01:21:919 TRT] 00000001 com.ibm.ws.kernel.launch.internal.FrameworkManager           A CWWKE0001I: The server defaultServer has been launched.
[2/28/21, 22:01:22:523 TRT] 00000016 com.ibm.ws.config.xml.internal.ServerXMLConfiguration        A CWWKG0093A: Processing configuration drop-ins resource: /home/baris/sources/github/guide-rest-intro/finish/target/liberty/wlp/usr/servers/defaultServer/configDropins/overrides/liberty-plugin-variable-config.xml
[2/28/21, 22:01:22:772 TRT] 00000001 com.ibm.ws.kernel.launch.internal.FrameworkManager           I CWWKE0002I: The kernel started after 1.048 seconds
[2/28/21, 22:01:22:795 TRT] 00000021 com.ibm.ws.kernel.feature.internal.FeatureManager            I CWWKF0007I: Feature update started.
[2/28/21, 22:01:23:376 TRT] 00000016 g.apache.cxf.cxf.core.3.2:1.0.49.cl210220210209-1100(id=90)] I Aries Blueprint packages not available. So namespaces will not be registered
[2/28/21, 22:01:23:490 TRT] 00000018 com.ibm.ws.app.manager.internal.monitor.DropinMonitor        A CWWKZ0058I: Monitoring dropins for applications.
[2/28/21, 22:01:24:055 TRT] 0000002d com.ibm.ws.app.manager.AppMessageHelper                      I CWWKZ0018I: Starting application guide-rest-intro.
[2/28/21, 22:01:24:056 TRT] 0000002d bm.ws.app.manager.war.internal.WARDeployedAppInfoFactoryImpl I CWWKZ0134I: The guide-rest-intro application is using the loose application definition at the /home/baris/sources/github/guide-rest-intro/finish/target/liberty/wlp/usr/servers/defaultServer/apps/guide-rest-intro.war.xml location.
[2/28/21, 22:01:24:335 TRT] 0000002d com.ibm.ws.session.WASSessionCore                            I SESN8501I: The session manager did not find a persistent storage location; HttpSession objects will be stored in the local application server's memory.
[2/28/21, 22:01:24:344 TRT] 0000002d com.ibm.ws.webcontainer.osgi.webapp.WebGroup                 I SRVE0169I: Loading Web Module: Liberty Project.
[2/28/21, 22:01:24:346 TRT] 0000002d com.ibm.ws.webcontainer                                      I SRVE0250I: Web Module Liberty Project has been bound to default_host.
[2/28/21, 22:01:24:348 TRT] 0000002d com.ibm.ws.http.internal.VirtualHostImpl                     A CWWKT0016I: Web application available (default_host): http://192.168.164.201:9080/LibertyProject/
[2/28/21, 22:01:24:387 TRT] 00000031 com.ibm.ws.session.WASSessionCore                            I SESN0176I: A new session context will be created for application key default_host/LibertyProject
[2/28/21, 22:01:24:397 TRT] 00000031 com.ibm.ws.util                                              I SESN0172I: The session manager is using the Java default SecureRandom implementation for session ID generation.
[2/28/21, 22:01:24:433 TRT] 00000031 com.ibm.ws.app.manager.AppMessageHelper                      A CWWKZ0001I: Application guide-rest-intro started in 0.378 seconds.
[2/28/21, 22:01:24:446 TRT] 00000021 com.ibm.ws.tcpchannel.internal.TCPPort                       I CWWKO0219I: TCP Channel defaultHttpEndpoint has been started and is now listening for requests on host *  (IPv6) port 9080.
[2/28/21, 22:01:24:458 TRT] 00000021 com.ibm.ws.kernel.feature.internal.FeatureManager            A CWWKF0012I: The server installed the following features: [jaxrs-2.1, jaxrsClient-2.1, jsonp-1.1, servlet-4.0].
[2/28/21, 22:01:24:458 TRT] 00000021 com.ibm.ws.kernel.feature.internal.FeatureManager            I CWWKF0008I: Feature update completed in 1.688 seconds.
[2/28/21, 22:01:24:459 TRT] 00000021 com.ibm.ws.kernel.feature.internal.FeatureManager            A CWWKF0011I: The defaultServer server is ready to run a smarter planet. The defaultServer server started in 2.737 seconds.
[2/28/21, 22:01:24:584 TRT] 00000032 com.ibm.ws.webcontainer.osgi.mbeans.PluginGenerator          I SRVE9103I: A configuration file for a web server plugin was automatically generated for this server at /home/baris/sources/github/guide-rest-intro/finish/target/liberty/wlp/usr/servers/defaultServer/logs/state/plugin-cfg.xml.
[2/28/21, 22:02:57:122 TRT] 00000036 g.apache.cxf.cxf.core.3.2:1.0.49.cl210220210209-1100(id=90)] I Setting the server's publish address to be /System/
[2/28/21, 22:02:57:193 TRT] 00000036 com.ibm.ws.webcontainer.servlet                              I SRVE0242I: [guide-rest-intro] [/LibertyProject] [io.openliberty.guides.rest.SystemApplication]: Initialization successful.
[2/28/21, 22:04:31:694 TRT] 00000011 com.ibm.ws.kernel.launch.internal.FrameworkManager           A CWWKE0085I: The server defaultServer is stopping because the JVM is exiting.
[2/28/21, 22:04:31:702 TRT] 00000039 com.ibm.ws.runtime.update.internal.RuntimeUpdateManagerImpl  A CWWKE1100I: Waiting for up to 30 seconds for the server to quiesce.
[2/28/21, 22:04:31:715 TRT] 00000027 com.ibm.ws.tcpchannel.internal.TCPChannel                    I CWWKO0220I: TCP Channel defaultHttpEndpoint has stopped listening for requests on host *  (IPv6) port 9080.
[2/28/21, 22:04:31:718 TRT] 00000027 com.ibm.ws.http.internal.VirtualHostImpl                     A CWWKT0017I: Web application removed (default_host): http://192.168.164.201:9080/LibertyProject/
[2/28/21, 22:04:31:723 TRT] 00000039 com.ibm.ws.runtime.update.internal.RuntimeUpdateManagerImpl  I CWWKE1101I: Server quiesce complete.
[2/28/21, 22:04:31:747 TRT] 00000036 com.ibm.ws.app.manager.AppMessageHelper                      A CWWKZ0009I: The application guide-rest-intro has stopped successfully.
[2/28/21, 22:04:31:963 TRT] 00000001 com.ibm.ws.kernel.launch.internal.FrameworkManager           A CWWKE0036I: The server defaultServer stopped after 3 minutes, 10.241 seconds.
