********************************************************************************
product = Open Liberty 21.0.0.2 (wlp-1.0.49.cl210220210209-1100)
wlp.install.dir = /home/baris/sources/github/guide-rest-intro/finish/target/liberty/wlp/
java.home = /opt/java/OpenJDK/Amazon/Corretto/amazon-corretto-11.0.10.9.1-linux-x64
java.version = 11.0.10
java.runtime = OpenJDK Runtime Environment (11.0.10+9-LTS)
os = Linux (5.8.0-43-generic; amd64) (en_US)
process = 126891@jedi
********************************************************************************
[2/28/21, 22:43:39:299 TRT] 00000001 com.ibm.ws.kernel.launch.internal.FrameworkManager           A CWWKE0001I: The server defaultServer has been launched.
[2/28/21, 22:43:39:726 TRT] 00000016 com.ibm.ws.config.xml.internal.ServerXMLConfiguration        A CWWKG0093A: Processing configuration drop-ins resource: /home/baris/sources/github/guide-rest-intro/finish/target/liberty/wlp/usr/servers/defaultServer/configDropins/overrides/liberty-plugin-variable-config.xml
[2/28/21, 22:43:39:876 TRT] 00000001 com.ibm.ws.kernel.launch.internal.FrameworkManager           I CWWKE0002I: The kernel started after 0.771 seconds
[2/28/21, 22:43:39:884 TRT] 00000021 com.ibm.ws.kernel.feature.internal.FeatureManager            I CWWKF0007I: Feature update started.
[2/28/21, 22:43:40:002 TRT] 00000019 g.apache.cxf.cxf.core.3.2:1.0.49.cl210220210209-1100(id=90)] I Aries Blueprint packages not available. So namespaces will not be registered
[2/28/21, 22:43:40:118 TRT] 00000017 com.ibm.ws.app.manager.internal.monitor.DropinMonitor        A CWWKZ0058I: Monitoring dropins for applications.
[2/28/21, 22:43:40:492 TRT] 0000002a com.ibm.ws.app.manager.AppMessageHelper                      I CWWKZ0018I: Starting application guide-rest-intro.
[2/28/21, 22:43:40:493 TRT] 0000002a bm.ws.app.manager.war.internal.WARDeployedAppInfoFactoryImpl I CWWKZ0134I: The guide-rest-intro application is using the loose application definition at the /home/baris/sources/github/guide-rest-intro/finish/target/liberty/wlp/usr/servers/defaultServer/apps/guide-rest-intro.war.xml location.
[2/28/21, 22:43:40:772 TRT] 0000002a com.ibm.ws.session.WASSessionCore                            I SESN8501I: The session manager did not find a persistent storage location; HttpSession objects will be stored in the local application server's memory.
[2/28/21, 22:43:40:777 TRT] 0000002a com.ibm.ws.webcontainer.osgi.webapp.WebGroup                 I SRVE0169I: Loading Web Module: Liberty Project.
[2/28/21, 22:43:40:779 TRT] 0000002a com.ibm.ws.webcontainer                                      I SRVE0250I: Web Module Liberty Project has been bound to default_host.
[2/28/21, 22:43:40:780 TRT] 0000002a com.ibm.ws.http.internal.VirtualHostImpl                     A CWWKT0016I: Web application available (default_host): http://192.168.164.201:9080/LibertyProject/
[2/28/21, 22:43:40:816 TRT] 0000002e com.ibm.ws.webcontainer.osgi.mbeans.PluginGenerator          I SRVE9103I: A configuration file for a web server plugin was automatically generated for this server at /home/baris/sources/github/guide-rest-intro/finish/target/liberty/wlp/usr/servers/defaultServer/logs/state/plugin-cfg.xml.
[2/28/21, 22:43:40:819 TRT] 0000002d com.ibm.ws.session.WASSessionCore                            I SESN0176I: A new session context will be created for application key default_host/LibertyProject
[2/28/21, 22:43:40:827 TRT] 0000002d com.ibm.ws.util                                              I SESN0172I: The session manager is using the Java default SecureRandom implementation for session ID generation.
[2/28/21, 22:43:40:857 TRT] 0000002d com.ibm.ws.app.manager.AppMessageHelper                      A CWWKZ0001I: Application guide-rest-intro started in 0.365 seconds.
[2/28/21, 22:43:40:869 TRT] 00000021 com.ibm.ws.tcpchannel.internal.TCPPort                       I CWWKO0219I: TCP Channel defaultHttpEndpoint has been started and is now listening for requests on host *  (IPv6) port 9080.
[2/28/21, 22:43:40:875 TRT] 00000021 com.ibm.ws.kernel.feature.internal.FeatureManager            A CWWKF0012I: The server installed the following features: [jaxrs-2.1, jaxrsClient-2.1, jsonp-1.1, servlet-4.0].
[2/28/21, 22:43:40:875 TRT] 00000021 com.ibm.ws.kernel.feature.internal.FeatureManager            I CWWKF0008I: Feature update completed in 1.000 seconds.
[2/28/21, 22:43:40:876 TRT] 00000021 com.ibm.ws.kernel.feature.internal.FeatureManager            A CWWKF0011I: The defaultServer server is ready to run a smarter planet. The defaultServer server started in 1.773 seconds.
[2/28/21, 22:43:53:227 TRT] 0000002f g.apache.cxf.cxf.core.3.2:1.0.49.cl210220210209-1100(id=90)] I Setting the server's publish address to be /System/
[2/28/21, 22:43:53:299 TRT] 0000002f com.ibm.ws.webcontainer.servlet                              I SRVE0242I: [guide-rest-intro] [/LibertyProject] [io.openliberty.guides.rest.SystemApplication]: Initialization successful.
[2/28/21, 22:44:30:968 TRT] 00000011 com.ibm.ws.kernel.launch.internal.FrameworkManager           A CWWKE0085I: The server defaultServer is stopping because the JVM is exiting.
[2/28/21, 22:44:30:979 TRT] 00000038 com.ibm.ws.runtime.update.internal.RuntimeUpdateManagerImpl  A CWWKE1100I: Waiting for up to 30 seconds for the server to quiesce.
[2/28/21, 22:44:30:991 TRT] 00000035 com.ibm.ws.tcpchannel.internal.TCPChannel                    I CWWKO0220I: TCP Channel defaultHttpEndpoint has stopped listening for requests on host *  (IPv6) port 9080.
[2/28/21, 22:44:30:995 TRT] 00000035 com.ibm.ws.http.internal.VirtualHostImpl                     A CWWKT0017I: Web application removed (default_host): http://192.168.164.201:9080/LibertyProject/
[2/28/21, 22:44:31:205 TRT] 00000012 com.ibm.ws.kernel.launch.internal.ServerCommandListener      A CWWKE0055I: Server shutdown requested on Sunday, February 28, 2021 at 10:44 PM. The server defaultServer is shutting down.
[2/28/21, 22:44:31:998 TRT] 00000038 com.ibm.ws.runtime.update.internal.RuntimeUpdateManagerImpl  I CWWKE1101I: Server quiesce complete.
[2/28/21, 22:44:32:029 TRT] 0000002e com.ibm.ws.app.manager.AppMessageHelper                      A CWWKZ0009I: The application guide-rest-intro has stopped successfully.
[2/28/21, 22:44:32:247 TRT] 00000001 com.ibm.ws.kernel.launch.internal.FrameworkManager           A CWWKE0036I: The server defaultServer stopped after 53.144 seconds.
